<?xml version="1.0" encoding="UTF-8"?>
<!-- Generated by org.testng.reporters.JUnitXMLReporter -->
<testsuite ignored="0" hostname="DESKTOP-PPJFR82" failures="0" tests="3" name="Test-Runner-2" time="33.153" errors="0" timestamp="2021-08-24T16:58:05 IST">
  <testcase classname="com.vtiger.sampletest.TestScriptTest" name="sample1Test" time="0.002"/>
  <testcase classname="com.vtiger.sampletest.TestScriptTest" name="sample2Test" time="0.001"/>
  <testcase classname="com.vtiger.sampletest.TestScriptTest" name="sample3Test" time="0.001"/>
</testsuite> <!-- Test-Runner-2 -->
