<?xml version="1.0" encoding="UTF-8"?>
<!-- Generated by org.testng.reporters.JUnitXMLReporter -->
<testsuite ignored="0" hostname="DESKTOP-PPJFR82" failures="0" tests="6" name="Test-Runner-Chrome" time="96.158" errors="0" timestamp="2021-08-24T17:14:16 IST">
  <testcase classname="com.vtiger.contactstest.CreateContactTest" name="createContactWithImageTest" time="15.18"/>
  <testcase classname="com.vtiger.contactstest.CreateContactTest" name="createContactWithReportsToTest" time="21.917"/>
  <testcase classname="com.vtiger.contactstest.CreateContactTest" name="createContactWithoutMandatoryTest" time="8.301"/>
  <testcase classname="com.vtiger.sampletest.TestScriptTest" name="sample1Test" time="0.001"/>
  <testcase classname="com.vtiger.sampletest.TestScriptTest" name="sample2Test" time="0.001"/>
  <testcase classname="com.vtiger.sampletest.TestScriptTest" name="sample3Test" time="0.001"/>
</testsuite> <!-- Test-Runner-Chrome -->
