<?xml version="1.0" encoding="UTF-8"?>
<!-- Generated by org.testng.reporters.JUnitXMLReporter -->
<testsuite ignored="0" hostname="DESKTOP-PPJFR82" failures="0" tests="6" name="Test-Runner-Firefox" time="131.642" errors="0" timestamp="2021-08-24T17:14:51 IST">
  <testcase classname="com.vtiger.genericutility.BaseClass" name="@BeforeClass configBC" time="0.092">
    <failure type="java.lang.IllegalStateException" message="The path to the driver executable must be set by the webdriver.edge.driver system property; for more information, see https://github.com/SeleniumHQ/selenium/wiki/MicrosoftWebDriver. The latest version can be downloaded from http://go.microsoft.com/fwlink/?LinkId=619687">
      <![CDATA[java.lang.IllegalStateException: The path to the driver executable must be set by the webdriver.edge.driver system property; for more information, see https://github.com/SeleniumHQ/selenium/wiki/MicrosoftWebDriver. The latest version can be downloaded from http://go.microsoft.com/fwlink/?LinkId=619687
at com.google.common.base.Preconditions.checkState(Preconditions.java:847)
at org.openqa.selenium.remote.service.DriverService.findExecutable(DriverService.java:134)
at org.openqa.selenium.edge.EdgeDriverService.access$000(EdgeDriverService.java:37)
at org.openqa.selenium.edge.EdgeDriverService$Builder.findDefaultExecutable(EdgeDriverService.java:90)
at org.openqa.selenium.remote.service.DriverService$Builder.build(DriverService.java:355)
at org.openqa.selenium.edge.EdgeDriverService.createDefaultService(EdgeDriverService.java:70)
at org.openqa.selenium.edge.EdgeDriver.<init>(EdgeDriver.java:96)
at com.vtiger.genericutility.BaseClass.configBC(BaseClass.java:38)
at java.base/java.util.ArrayList.forEach(ArrayList.java:1510)
at java.base/java.util.concurrent.FutureTask.run(FutureTask.java:264)
at java.base/java.util.concurrent.ThreadPoolExecutor.runWorker(ThreadPoolExecutor.java:1130)
at java.base/java.util.concurrent.ThreadPoolExecutor$Worker.run(ThreadPoolExecutor.java:630)
at java.base/java.lang.Thread.run(Thread.java:832)
... Removed 16 stack frames]]>
    </failure>
  </testcase> <!-- @BeforeClass configBC -->
  <testcase classname="com.vtiger.genericutility.BaseClass" name="@BeforeMethod configBM" time="-1.629805360184E9">
    <skipped/>
  </testcase> <!-- @BeforeMethod configBM -->
  <testcase classname="com.vtiger.genericutility.BaseClass" name="@AfterMethod configAM" time="-1.6298053602E9">
    <skipped/>
  </testcase> <!-- @AfterMethod configAM -->
  <testcase classname="com.vtiger.genericutility.BaseClass" name="@BeforeMethod configBM" time="-1.629805360204E9">
    <skipped/>
  </testcase> <!-- @BeforeMethod configBM -->
  <testcase classname="com.vtiger.genericutility.BaseClass" name="@AfterMethod configAM" time="-1.629805360216E9">
    <skipped/>
  </testcase> <!-- @AfterMethod configAM -->
  <testcase classname="com.vtiger.genericutility.BaseClass" name="@BeforeMethod configBM" time="-1.62980536022E9">
    <skipped/>
  </testcase> <!-- @BeforeMethod configBM -->
  <testcase classname="com.vtiger.genericutility.BaseClass" name="@AfterMethod configAM" time="-1.629805360228E9">
    <skipped/>
  </testcase> <!-- @AfterMethod configAM -->
  <testcase classname="com.vtiger.genericutility.BaseClass" name="@AfterClass configAC" time="-1.629805360239E9">
    <skipped/>
  </testcase> <!-- @AfterClass configAC -->
  <testcase classname="com.vtiger.genericutility.BaseClass" name="@BeforeClass configBC" time="0.01">
    <failure type="java.lang.IllegalStateException" message="The path to the driver executable must be set by the webdriver.edge.driver system property; for more information, see https://github.com/SeleniumHQ/selenium/wiki/MicrosoftWebDriver. The latest version can be downloaded from http://go.microsoft.com/fwlink/?LinkId=619687">
      <![CDATA[java.lang.IllegalStateException: The path to the driver executable must be set by the webdriver.edge.driver system property; for more information, see https://github.com/SeleniumHQ/selenium/wiki/MicrosoftWebDriver. The latest version can be downloaded from http://go.microsoft.com/fwlink/?LinkId=619687
at com.google.common.base.Preconditions.checkState(Preconditions.java:847)
at org.openqa.selenium.remote.service.DriverService.findExecutable(DriverService.java:134)
at org.openqa.selenium.edge.EdgeDriverService.access$000(EdgeDriverService.java:37)
at org.openqa.selenium.edge.EdgeDriverService$Builder.findDefaultExecutable(EdgeDriverService.java:90)
at org.openqa.selenium.remote.service.DriverService$Builder.build(DriverService.java:355)
at org.openqa.selenium.edge.EdgeDriverService.createDefaultService(EdgeDriverService.java:70)
at org.openqa.selenium.edge.EdgeDriver.<init>(EdgeDriver.java:96)
at com.vtiger.genericutility.BaseClass.configBC(BaseClass.java:38)
at java.base/java.util.ArrayList.forEach(ArrayList.java:1510)
at java.base/java.util.concurrent.FutureTask.run(FutureTask.java:264)
at java.base/java.util.concurrent.ThreadPoolExecutor.runWorker(ThreadPoolExecutor.java:1130)
at java.base/java.util.concurrent.ThreadPoolExecutor$Worker.run(ThreadPoolExecutor.java:630)
at java.base/java.lang.Thread.run(Thread.java:832)
... Removed 16 stack frames]]>
    </failure>
  </testcase> <!-- @BeforeClass configBC -->
  <testcase classname="com.vtiger.genericutility.BaseClass" name="@BeforeMethod configBM" time="-1.62980536026E9">
    <skipped/>
  </testcase> <!-- @BeforeMethod configBM -->
  <testcase classname="com.vtiger.genericutility.BaseClass" name="@AfterMethod configAM" time="-1.629805360299E9">
    <skipped/>
  </testcase> <!-- @AfterMethod configAM -->
  <testcase classname="com.vtiger.genericutility.BaseClass" name="@BeforeMethod configBM" time="-1.629805360303E9">
    <skipped/>
  </testcase> <!-- @BeforeMethod configBM -->
  <testcase classname="com.vtiger.genericutility.BaseClass" name="@AfterMethod configAM" time="-1.629805360313E9">
    <skipped/>
  </testcase> <!-- @AfterMethod configAM -->
  <testcase classname="com.vtiger.genericutility.BaseClass" name="@BeforeMethod configBM" time="-1.629805360327E9">
    <skipped/>
  </testcase> <!-- @BeforeMethod configBM -->
  <testcase classname="com.vtiger.genericutility.BaseClass" name="@AfterMethod configAM" time="-1.629805360364E9">
    <skipped/>
  </testcase> <!-- @AfterMethod configAM -->
  <testcase classname="com.vtiger.genericutility.BaseClass" name="@AfterClass configAC" time="-1.629805360373E9">
    <skipped/>
  </testcase> <!-- @AfterClass configAC -->
  <testcase classname="com.vtiger.contactstest.CreateContactTest" name="createContactWithImageTest" time="13.842"/>
  <testcase classname="com.vtiger.contactstest.CreateContactTest" name="createContactWithReportsToTest" time="24.629"/>
  <testcase classname="com.vtiger.contactstest.CreateContactTest" name="createContactWithoutMandatoryTest" time="8.421"/>
  <testcase classname="com.vtiger.sampletest.TestScriptTest" name="sample1Test" time="0.001"/>
  <testcase classname="com.vtiger.sampletest.TestScriptTest" name="sample2Test" time="0.001"/>
  <testcase classname="com.vtiger.sampletest.TestScriptTest" name="sample3Test" time="0.001"/>
</testsuite> <!-- Test-Runner-Firefox -->
