<?xml version="1.0" encoding="UTF-8"?>
<!-- Generated by org.testng.reporters.JUnitXMLReporter -->
<testsuite ignored="0" hostname="DESKTOP-PPJFR82" failures="0" tests="3" name="Test-Runner-1" time="59.562" errors="0" timestamp="2021-08-24T16:58:31 IST">
  <testcase classname="com.vtiger.contactstest.CreateContactTest" name="createContactWithImageTest" time="14.19"/>
  <testcase classname="com.vtiger.contactstest.CreateContactTest" name="createContactWithReportsToTest" time="17.102"/>
  <testcase classname="com.vtiger.contactstest.CreateContactTest" name="createContactWithoutMandatoryTest" time="6.492"/>
</testsuite> <!-- Test-Runner-1 -->
