<?xml version="1.0" encoding="UTF-8"?>
<!-- Generated by org.testng.reporters.JUnitReportReporter -->
<testsuite hostname="DESKTOP-PPJFR82" failures="0" tests="1" name="com.vtiger.contactstest.CreateContactWithReportsToTest" time="33.308" errors="0" timestamp="2021-08-24T18:04:05 IST" skipped="0">
  <testcase classname="com.vtiger.contactstest.CreateContactWithReportsToTest" name="createContactWithReportsTo" time="33.308"/>
  <system-out/>
</testsuite> <!-- com.vtiger.contactstest.CreateContactWithReportsToTest -->
