<?xml version="1.0" encoding="UTF-8"?>
<!-- Generated by org.testng.reporters.JUnitReportReporter -->
<testsuite hostname="DESKTOP-PPJFR82" failures="0" tests="2" name="contacts.Sample" time="0.026" errors="0" timestamp="2021-08-19T17:54:01 IST" skipped="0">
  <testcase classname="contacts.Sample" name="add" time="0.023"/>
  <system-out/>
  <testcase classname="contacts.Sample" name="printStatement" time="0.003"/>
  <system-out/>
</testsuite> <!-- contacts.Sample -->
