<?xml version="1.0" encoding="UTF-8"?>
<!-- Generated by org.testng.reporters.JUnitReportReporter -->
<testsuite hostname="DESKTOP-PPJFR82" failures="0" tests="3" name="com.vtiger.testscripts.CreateContact" time="73.560" errors="0" timestamp="2021-08-23T17:16:46 IST" skipped="0">
  <testcase classname="com.vtiger.testscripts.CreateContact" name="createContactWithReportsToTest" time="33.704"/>
  <system-out/>
  <testcase classname="com.vtiger.testscripts.CreateContact" name="createContactWithImageTest" time="22.378"/>
  <system-out/>
  <testcase classname="com.vtiger.testscripts.CreateContact" name="createContactWithoutMandatoryTest" time="17.478"/>
  <system-out/>
</testsuite> <!-- com.vtiger.testscripts.CreateContact -->
