<?xml version="1.0" encoding="UTF-8"?>
<!-- Generated by org.testng.reporters.JUnitReportReporter -->
<testsuite hostname="DESKTOP-PPJFR82" failures="0" tests="1" name="com.vtiger.contactstest.CreateContactTest" time="13.668" errors="0" timestamp="2021-08-27T15:34:26 IST" skipped="0">
  <testcase classname="com.vtiger.contactstest.CreateContactTest" name="createContactWithoutMandatoryTest" time="13.668"/>
  <system-out/>
</testsuite> <!-- com.vtiger.contactstest.CreateContactTest -->
