<?xml version="1.0" encoding="UTF-8"?>
<!-- Generated by org.testng.reporters.JUnitReportReporter -->
<testsuite hostname="DESKTOP-PPJFR82" failures="0" tests="2" name="contacts.SampleExtentReport" time="15.152" errors="0" timestamp="2021-08-25T13:03:12 IST" skipped="0">
  <testcase classname="contacts.SampleExtentReport" name="getHomePageTitleTest" time="6.185"/>
  <system-out/>
  <testcase classname="contacts.SampleExtentReport" name="getOrgPageTitleTest" time="8.967"/>
  <system-out/>
</testsuite> <!-- contacts.SampleExtentReport -->
